{
  "RSpec": {
    "coverage": {
      "/Users/ldwha/Turing/3_mod/rails-engine/app/helpers/application_helper.rb": {
        "lines": [
          1,
          null
        ]
      },
      "/Users/ldwha/Turing/3_mod/rails-engine/app/models/customer.rb": {
        "lines": [
          1,
          1,
          null,
          1,
          1,
          null
        ]
      },
      "/Users/ldwha/Turing/3_mod/rails-engine/app/models/application_record.rb": {
        "lines": [
          1,
          1,
          null
        ]
      },
      "/Users/ldwha/Turing/3_mod/rails-engine/app/models/invoice.rb": {
        "lines": [
          1,
          1,
          1,
          1,
          null,
          1,
          1,
          null,
          1,
          1,
          1,
          null
        ]
      },
      "/Users/ldwha/Turing/3_mod/rails-engine/app/models/invoice_item.rb": {
        "lines": [
          1,
          1,
          1,
          null,
          1,
          1,
          1,
          1,
          null
        ]
      },
      "/Users/ldwha/Turing/3_mod/rails-engine/app/models/item.rb": {
        "lines": [
          1,
          1,
          1,
          1,
          null,
          1,
          1,
          1,
          1,
          null,
          1,
          4,
          null,
          null,
          1,
          8,
          2,
          null,
          6,
          2,
          null,
          null,
          4,
          null,
          null,
          null,
          null,
          1,
          6,
          null,
          null,
          null,
          null,
          null,
          null
        ]
      },
      "/Users/ldwha/Turing/3_mod/rails-engine/app/models/merchant.rb": {
        "lines": [
          1,
          1,
          1,
          null,
          1,
          null,
          1,
          5,
          null,
          null,
          1,
          5,
          null,
          null,
          null,
          null,
          null,
          null,
          1,
          5,
          null,
          null,
          null,
          null,
          null,
          null,
          1,
          3,
          null,
          null,
          null,
          null,
          null,
          null,
          1,
          1,
          null,
          null,
          null,
          null
        ]
      },
      "/Users/ldwha/Turing/3_mod/rails-engine/app/models/transaction.rb": {
        "lines": [
          1,
          1,
          null,
          1,
          1,
          1,
          1,
          null
        ]
      },
      "/Users/ldwha/Turing/3_mod/rails-engine/app/controllers/api/v1/item_merchant_controller.rb": {
        "lines": [
          1,
          null,
          1,
          2,
          1,
          1,
          null,
          null,
          null
        ]
      },
      "/Users/ldwha/Turing/3_mod/rails-engine/app/controllers/application_controller.rb": {
        "lines": [
          1,
          null,
          1,
          null,
          1,
          14,
          14,
          14,
          2,
          null,
          14,
          2,
          null,
          14,
          null,
          null,
          1,
          1,
          null,
          1,
          3,
          null,
          null,
          null,
          null,
          null,
          1,
          4,
          null,
          null,
          null,
          null,
          null
        ]
      },
      "/Users/ldwha/Turing/3_mod/rails-engine/app/serializers/merchant_serializer.rb": {
        "lines": [
          1,
          1,
          1,
          null
        ]
      },
      "/Users/ldwha/Turing/3_mod/rails-engine/app/controllers/api/v1/items_controller.rb": {
        "lines": [
          1,
          1,
          null,
          1,
          12,
          5,
          null,
          7,
          7,
          null,
          null,
          null,
          1,
          2,
          null,
          null,
          1,
          4,
          2,
          null,
          null,
          1,
          2,
          null,
          null,
          1,
          3,
          3,
          3,
          2,
          null,
          null,
          1,
          8,
          8,
          2,
          6,
          4,
          null,
          2,
          null,
          null,
          null,
          null,
          null,
          null,
          1,
          7,
          7,
          2,
          5,
          4,
          null,
          1,
          null,
          null,
          null,
          null,
          null,
          null,
          1,
          null,
          1,
          7,
          null,
          null,
          1,
          2,
          2,
          1,
          null,
          1,
          null,
          null,
          null,
          1,
          4,
          4,
          3,
          null,
          1,
          null,
          null,
          null,
          1,
          2,
          2,
          1,
          null,
          1,
          null,
          null,
          null,
          1,
          4,
          4,
          3,
          null,
          1,
          null,
          null,
          null,
          1,
          15,
          1,
          14,
          4,
          10,
          1,
          9,
          8,
          null,
          1,
          null,
          null,
          null,
          null
        ]
      },
      "/Users/ldwha/Turing/3_mod/rails-engine/app/serializers/item_serializer.rb": {
        "lines": [
          1,
          1,
          1,
          null
        ]
      },
      "/Users/ldwha/Turing/3_mod/rails-engine/app/controllers/api/v1/merchants_controller.rb": {
        "lines": [
          1,
          null,
          1,
          7,
          7,
          null,
          null,
          1,
          2,
          null,
          null,
          1,
          2,
          null,
          2,
          2,
          1,
          null,
          1,
          null,
          null,
          null,
          1,
          2,
          null,
          2,
          2,
          1,
          null,
          1,
          null,
          null,
          null
        ]
      },
      "/Users/ldwha/Turing/3_mod/rails-engine/app/controllers/api/v1/revenue_controller.rb": {
        "lines": [
          1,
          null,
          1,
          6,
          4,
          null,
          2,
          null,
          null,
          null,
          null,
          null,
          null,
          1,
          3,
          2,
          2,
          null,
          1,
          null,
          null,
          null,
          null,
          null,
          null,
          1,
          6,
          5,
          5,
          null,
          1,
          null,
          null,
          null,
          null,
          null,
          null,
          1,
          0,
          0,
          null,
          null,
          1,
          6,
          4,
          null,
          2,
          null,
          null,
          null,
          null,
          null,
          null,
          null
        ]
      },
      "/Users/ldwha/Turing/3_mod/rails-engine/app/serializers/item_revenue_serializer.rb": {
        "lines": [
          1,
          1,
          1,
          null
        ]
      },
      "/Users/ldwha/Turing/3_mod/rails-engine/app/serializers/items_sold_serializer.rb": {
        "lines": [
          1,
          1,
          1,
          null
        ]
      },
      "/Users/ldwha/Turing/3_mod/rails-engine/app/serializers/merchant_name_revenue_serializer.rb": {
        "lines": [
          1,
          1,
          1,
          null
        ]
      },
      "/Users/ldwha/Turing/3_mod/rails-engine/app/serializers/unshipped_order_serializer.rb": {
        "lines": [
          1,
          1,
          1,
          null
        ]
      },
      "/Users/ldwha/Turing/3_mod/rails-engine/app/serializers/merchant_revenue_serializer.rb": {
        "lines": [
          1,
          1,
          1,
          null
        ]
      },
      "/Users/ldwha/Turing/3_mod/rails-engine/app/ poros/merchant_rev.rb": {
        "lines": [
          1,
          1,
          null,
          1,
          1,
          1,
          null,
          null
        ]
      }
    },
    "timestamp": 1627031215
  }
}
